Building DAG of jobs...
Using shell: /usr/bin/bash
Provided cluster nodes: 50
Provided resources: cpus=366, mem_mb=1000000
Job counts:
	count	jobs
	1	align_and_process
	1	all
	1	convert_fasta_to_fastq
	1	extract_matching
	1	fastq_to_fasta
	1	filter_insertions
	1	generate_index_degen
	1	length_filter
	1	make_degen_library
	1	merge_lanes
	1	motif_match
	1	run_flash
	12
Select jobs to execute...

[Fri May 19 20:32:00 2023]
rule merge_lanes:
    input: /data/gsl/bsl/vshanka/vshanka_riboswitch_dna/FASTQ/Ribo82922-1_S1_L001_R1_001.fastq.gz, /data/gsl/bsl/vshanka/vshanka_riboswitch_dna/FASTQ
    output: /data/Palmetto_sync/Projects/vshanka_rnamut_dna/Ethanol_DMS/Ribo82922-1_S1.R1_merged.fastq.gz, /data/Palmetto_sync/Projects/vshanka_rnamut_dna/Ethanol_DMS/Ribo82922-1_S1.R2_merged.fastq.gz
    jobid: 10
    resources: cpus=2, mem_mb=16000, time_min=14400

Submitted job 10 with external jobid 'Submitted batch job 21946'.
